2025-03-22 22:58:33: [undefined]: info: Succefully started the server
2025-03-22 22:59:23:  info: Succefully started the server
2025-03-22 23:00:42:  info: Succefully started the server
2025-03-22 23:03:31:  info: Succefully started the server: undefined
2025-03-22 23:05:43:  info: Succefully started the server: undefined
2025-03-22 23:28:33:  info: Succefully started the server: undefined
2025-03-23 14:20:15:  info: Succefully started the server: undefined
2025-03-27 20:08:11:  info: Succefully started the server: undefined
2025-03-27 20:12:05:  info: Succefully started the server
2025-03-27 20:12:16:  info: Succefully started the server
2025-04-26 23:09:24:  info: Succefully started the server
2025-04-26 23:09:43:  info: Succefully started the server
2025-04-26 23:18:08:  info: Succefully started the server
2025-04-27 18:46:07:  info: Succefully started the server
2025-04-27 18:48:11:  info: Succefully started the server
2025-04-27 18:49:15:  info: Succefully started the server
2025-04-27 18:49:19:  info: Succefully started the server
2025-04-27 18:56:26:  info: Succefully started the server
2025-04-27 18:57:46:  info: Succefully started the server
2025-04-27 18:57:55:  info: Succefully started the server
2025-04-27 18:58:27:  info: Succefully started the server
2025-04-27 18:59:29:  info: Succefully started the server
2025-04-27 19:05:45:  info: Succefully started the server
2025-04-27 19:06:21:  info: Succefully started the server
2025-04-27 19:06:49:  info: Succefully started the server
2025-04-27 19:17:49:  info: Succefully started the server
2025-04-27 19:28:41:  info: Succefully started the server
2025-04-27 19:32:16:  info: Succefully started the server
2025-04-27 19:39:01:  info: Succefully started the server
2025-04-27 19:41:26:  info: Succefully started the server
2025-04-27 19:43:52:  info: Succefully started the server
2025-04-27 20:01:19:  info: Succefully started the server
2025-04-27 20:25:53:  info: Succefully started the server
2025-04-29 09:58:35:  info: Succefully started the server
2025-04-29 10:02:49:  info: Succefully started the server
2025-04-29 10:05:27:  info: Succefully started the server
2025-04-29 10:08:10:  info: Succefully started the server
2025-04-29 10:10:04:  info: Succefully started the server
2025-04-29 10:13:03:  info: Succefully started the server
2025-04-29 10:17:43:  info: Succefully started the server
2025-04-29 10:24:33:  info: Succefully started the server
2025-04-29 10:24:38:  info: Succefully started the server
2025-04-29 10:25:52:  info: Succefully started the server
2025-04-29 10:26:54:  info: Succefully started the server
2025-04-29 10:29:39:  info: Succefully started the server
2025-04-29 10:35:42:  info: Succefully started the server
2025-04-29 10:36:56:  info: Succefully started the server
2025-04-29 10:39:15:  info: Succefully started the server
2025-04-29 10:42:17:  info: Succefully started the server
2025-04-29 10:45:01:  info: Succefully started the server
2025-04-29 10:45:21:  info: Succefully started the server
2025-04-29 10:45:49:  info: Succefully started the server
2025-04-29 10:55:47:  info: Succefully started the server
2025-04-29 11:02:46:  info: Succefully started the server
2025-04-29 11:03:18:  info: Succefully started the server
2025-04-29 11:06:08:  info: Succefully started the server
2025-04-29 11:13:05:  info: Succefully started the server
2025-04-29 11:13:09:  info: Succefully started the server
2025-04-29 11:14:22:  info: Succefully started the server
2025-04-29 11:14:38:  info: Succefully started the server
2025-04-29 11:15:49:  info: Succefully started the server
2025-04-29 11:16:36:  info: Succefully started the server
2025-04-29 11:17:04:  info: Succefully started the server
2025-04-29 11:20:32:  info: Succefully started the server
2025-04-29 11:22:34:  info: Succefully started the server
2025-04-29 11:23:40:  info: Succefully started the server
2025-04-29 11:23:44:  info: Succefully started the server
2025-04-29 19:28:38:  info: Succefully started the server
2025-04-29 19:34:30:  info: Succefully started the server
2025-04-29 19:37:47:  info: Succefully started the server
2025-04-29 19:38:32:  info: Succefully started the server
2025-04-29 19:53:07:  info: Succefully started the server
2025-04-29 19:53:09:  info: Succefully started the server
2025-04-29 19:55:58:  info: Succefully started the server
2025-04-29 19:57:29:  info: Succefully started the server
2025-04-29 19:58:15:  info: Succefully started the server
2025-04-29 20:01:37:  info: Succefully started the server
2025-04-29 20:02:39:  info: Succefully started the server
2025-04-29 20:03:25:  info: Succefully started the server
2025-04-29 20:03:55:  info: Succefully started the server
2025-04-29 20:04:39:  info: Succefully started the server
2025-04-29 20:04:50:  info: Succefully started the server
2025-04-29 20:08:08:  info: Succefully started the server
2025-04-29 20:08:20:  info: Succefully started the server
2025-04-29 20:09:27:  info: Succefully started the server
2025-04-29 20:22:18:  info: Succefully started the server
2025-04-29 20:23:11:  info: Succefully started the server
2025-04-29 20:27:46:  info: Succefully started the server
2025-04-29 20:32:39:  info: Succefully started the server
2025-04-29 20:46:33:  info: Succefully started the server
2025-04-29 20:47:03:  info: Succefully started the server
2025-04-29 20:58:46:  info: Succefully started the server
2025-04-29 21:01:16:  info: Succefully started the server
2025-04-29 21:13:15:  info: Succefully started the server
2025-04-29 21:39:50:  info: Succefully started the server
2025-04-29 21:42:20:  info: Succefully started the server
2025-04-29 21:45:20:  info: Succefully started the server
2025-04-29 22:17:42:  info: Succefully started the server
2025-04-29 22:27:23:  info: Succefully started the server
2025-04-29 22:57:55:  info: Succefully started the server
2025-04-29 23:03:59:  info: Succefully started the server
2025-04-29 23:14:39:  info: Succefully started the server
2025-04-29 23:15:35:  info: Succefully started the server
2025-04-29 23:16:43:  info: Succefully started the server
2025-05-23 15:47:28:  info: Succefully started the server
2025-05-23 15:50:30:  info: Succefully started the server
2025-05-23 15:50:56:  info: Succefully started the API Gateway server
2025-05-23 16:18:58:  info: Succefully started the API Gateway server
2025-05-23 16:21:24:  info: Succefully started the API Gateway server
2025-05-23 16:27:20:  info: Succefully started the API Gateway server
2025-05-23 20:23:04:  info: Succefully started the API Gateway server
2025-05-23 20:23:07:  info: Succefully started the API Gateway server
2025-05-23 20:23:55:  info: Succefully started the API Gateway server
2025-05-23 20:26:52:  info: Succefully started the API Gateway server
2025-05-23 20:26:56:  info: Succefully started the API Gateway server
2025-05-23 20:27:51:  info: Succefully started the API Gateway server
2025-05-23 20:27:59:  info: Succefully started the API Gateway server
2025-05-23 20:28:03:  info: Succefully started the API Gateway server
2025-05-23 20:30:12:  info: Succefully started the API Gateway server
2025-05-23 20:30:26:  info: Succefully started the API Gateway server
2025-05-23 20:30:33:  info: Succefully started the API Gateway server
2025-05-23 20:30:34:  info: Succefully started the API Gateway server
2025-05-23 20:33:19:  info: Succefully started the API Gateway server
2025-05-23 20:33:35:  info: Succefully started the API Gateway server
2025-05-23 20:33:38:  info: Succefully started the API Gateway server
2025-05-23 20:33:41:  info: Succefully started the API Gateway server
2025-05-23 20:34:09:  info: Succefully started the API Gateway server
2025-05-23 20:34:13:  info: Succefully started the API Gateway server
2025-05-23 20:34:16:  info: Succefully started the API Gateway server
2025-05-23 20:34:18:  info: Succefully started the API Gateway server
2025-05-23 20:34:21:  info: Succefully started the API Gateway server
2025-05-23 20:34:27:  info: Succefully started the API Gateway server
2025-05-23 20:34:31:  info: Succefully started the API Gateway server
2025-05-23 20:34:34:  info: Succefully started the API Gateway server
2025-05-23 20:34:37:  info: Succefully started the API Gateway server
2025-05-23 20:34:39:  info: Succefully started the API Gateway server
2025-05-23 20:35:09:  info: Succefully started the API Gateway server
2025-05-23 20:35:35:  info: Succefully started the API Gateway server
2025-05-23 20:35:46:  info: Succefully started the API Gateway server
2025-05-23 20:36:56:  info: Succefully started the API Gateway server
2025-05-23 20:37:04:  info: Succefully started the API Gateway server
2025-05-23 20:38:04:  info: Succefully started the API Gateway server
2025-05-23 20:38:09:  info: Succefully started the API Gateway server
2025-05-23 20:52:10:  info: Succefully started the API Gateway server
2025-05-23 20:52:58:  info: Succefully started the API Gateway server
2025-05-23 20:57:08:  info: Succefully started the API Gateway server
2025-05-23 20:57:23:  info: Succefully started the API Gateway server
2025-05-23 20:59:10:  info: Succefully started the API Gateway server
2025-05-23 20:59:13:  info: Succefully started the API Gateway server
2025-05-23 21:01:01:  info: Succefully started the API Gateway server
2025-05-23 21:01:03:  info: Succefully started the API Gateway server
2025-05-23 21:03:02:  info: Succefully started the API Gateway server
2025-05-23 21:05:04:  info: Succefully started the API Gateway server
2025-05-23 21:05:06:  info: Succefully started the API Gateway server
2025-05-23 21:14:02:  info: Succefully started the API Gateway server
2025-05-23 21:15:18:  info: Succefully started the API Gateway server
2025-05-23 21:17:01:  info: Succefully started the API Gateway server
2025-05-23 21:19:11:  info: Successfully started the API Gateway server
2025-05-23 21:19:14:  info: Successfully started the API Gateway server
2025-05-23 21:22:14:  info: Successfully started the API Gateway server
2025-05-23 21:23:11:  info: Successfully started the API Gateway server
2025-05-23 21:25:38:  info: Successfully started the API Gateway server
2025-05-23 21:25:42:  info: Successfully started the API Gateway server
2025-05-23 21:25:43:  info: Successfully started the API Gateway server
2025-05-23 21:25:53:  info: Successfully started the API Gateway server
2025-05-24 10:44:49:  info: Successfully started the API Gateway server
2025-05-24 10:46:01:  info: Successfully started the API Gateway server
2025-05-24 10:47:28:  info: Successfully started the API Gateway server
2025-05-24 10:48:05:  info: Successfully started the API Gateway server
2025-05-24 10:53:02:  info: Successfully started the API Gateway server
2025-05-24 10:53:15:  info: Successfully started the API Gateway server
2025-05-24 10:56:11:  info: Successfully started the API Gateway server
2025-05-24 10:59:33:  info: Successfully started the API Gateway server
